<?xml version="1.0" encoding="UTF-8"?>
<testng-results skipped="0" failed="0" ignored="0" total="2" passed="2">
  <reporter-output>
  </reporter-output>
  <suite name="Suite" duration-ms="31453" started-at="2021-03-14T10:27:40Z" finished-at="2021-03-14T10:28:11Z">
    <groups>
    </groups>
    <test name="Test" duration-ms="31453" started-at="2021-03-14T10:27:40Z" finished-at="2021-03-14T10:28:11Z">
      <class name="SeleniumTestscripts.TestCase10">
        <test-method status="PASS" signature="Login(java.lang.String, java.lang.String)[pri:0, instance:SeleniumTestscripts.TestCase10@5622fdf]" name="Login" duration-ms="31108" started-at="2021-03-14T10:27:40Z" finished-at="2021-03-14T10:28:11Z">
          <params>
            <param index="0">
              <value>
                <![CDATA[chrome]]>
              </value>
            </param>
            <param index="1">
              <value>
                <![CDATA[https://opensource-demo.orangehrmlive.com/]]>
              </value>
            </param>
          </params>
          <reporter-output>
          </reporter-output>
        </test-method> <!-- Login -->
        <test-method status="PASS" signature="close()[pri:0, instance:SeleniumTestscripts.TestCase10@5622fdf]" name="close" duration-ms="287" started-at="2021-03-14T10:28:11Z" finished-at="2021-03-14T10:28:11Z">
          <reporter-output>
          </reporter-output>
        </test-method> <!-- close -->
      </class> <!-- SeleniumTestscripts.TestCase10 -->
    </test> <!-- Test -->
  </suite> <!-- Suite -->
</testng-results>
